<?xml version="1.0" encoding="UTF-8"?>
<coverage generated="1659695822032" clover="3.2.0">
  <project timestamp="1659695822032" name="All files">
    <metrics statements="28" coveredstatements="28" conditionals="17" coveredconditionals="17" methods="2" coveredmethods="2" elements="47" coveredelements="47" complexity="0" loc="28" ncloc="28" packages="1" files="1" classes="1"/>
    <file name="parse.js" path="/home/temka/user_files/proga/wds_code/chapter_6/45-jestwithbrowser/parse.js">
      <metrics statements="28" coveredstatements="28" conditionals="17" coveredconditionals="17" methods="2" coveredmethods="2"/>
      <line num="2" count="1" type="stmt"/>
      <line num="5" count="1" type="stmt"/>
      <line num="8" count="1" type="stmt"/>
      <line num="11" count="304" type="cond" truecount="2" falsecount="0"/>
      <line num="12" count="4" type="stmt"/>
      <line num="14" count="300" type="cond" truecount="2" falsecount="0"/>
      <line num="15" count="36" type="stmt"/>
      <line num="16" count="36" type="stmt"/>
      <line num="17" count="36" type="stmt"/>
      <line num="18" count="264" type="cond" truecount="2" falsecount="0"/>
      <line num="19" count="76" type="stmt"/>
      <line num="20" count="76" type="stmt"/>
      <line num="21" count="76" type="stmt"/>
      <line num="22" count="188" type="cond" truecount="2" falsecount="0"/>
      <line num="23" count="40" type="stmt"/>
      <line num="24" count="40" type="stmt"/>
      <line num="25" count="40" type="stmt"/>
      <line num="27" count="148" type="cond" truecount="2" falsecount="0"/>
      <line num="28" count="8" type="stmt"/>
      <line num="33" count="152" type="stmt"/>
      <line num="34" count="152" type="stmt"/>
      <line num="36" count="152" type="cond" truecount="5" falsecount="0"/>
      <line num="38" count="38" type="stmt"/>
      <line num="40" count="38" type="stmt"/>
      <line num="42" count="38" type="stmt"/>
      <line num="44" count="2" type="stmt"/>
      <line num="46" count="36" type="cond" truecount="2" falsecount="0"/>
      <line num="47" count="36" type="stmt"/>
    </file>
  </project>
</coverage>
