{"/home/temka/user_files/proga/wds_code/chapter_6/45-jestwithbrowser/parse.js": {"path":"/home/temka/user_files/proga/wds_code/chapter_6/45-jestwithbrowser/parse.js","statementMap":{"0":{"start":{"line":2,"column":1},"end":{"line":2,"column":61}},"1":{"start":{"line":5,"column":1},"end":{"line":5,"column":61}},"2":{"start":{"line":8,"column":1},"end":{"line":8,"column":59}},"3":{"start":{"line":11,"column":1},"end":{"line":13,"column":2}},"4":{"start":{"line":12,"column":2},"end":{"line":12,"column":43}},"5":{"start":{"line":14,"column":1},"end":{"line":29,"column":2}},"6":{"start":{"line":15,"column":17},"end":{"line":15,"column":60}},"7":{"start":{"line":16,"column":16},"end":{"line":16,"column":50}},"8":{"start":{"line":17,"column":2},"end":{"line":17,"column":21}},"9":{"start":{"line":18,"column":8},"end":{"line":29,"column":2}},"10":{"start":{"line":19,"column":17},"end":{"line":19,"column":67}},"11":{"start":{"line":20,"column":16},"end":{"line":20,"column":57}},"12":{"start":{"line":21,"column":2},"end":{"line":21,"column":21}},"13":{"start":{"line":22,"column":8},"end":{"line":29,"column":2}},"14":{"start":{"line":23,"column":17},"end":{"line":23,"column":64}},"15":{"start":{"line":24,"column":16},"end":{"line":24,"column":54}},"16":{"start":{"line":25,"column":2},"end":{"line":25,"column":21}},"17":{"start":{"line":27,"column":2},"end":{"line":27,"column":62}},"18":{"start":{"line":27,"column":18},"end":{"line":27,"column":62}},"19":{"start":{"line":28,"column":2},"end":{"line":28,"column":52}},"20":{"start":{"line":33,"column":14},"end":{"line":33,"column":34}},"21":{"start":{"line":34,"column":14},"end":{"line":34,"column":34}},"22":{"start":{"line":36,"column":1},"end":{"line":48,"column":2}},"23":{"start":{"line":38,"column":3},"end":{"line":38,"column":21}},"24":{"start":{"line":40,"column":3},"end":{"line":40,"column":21}},"25":{"start":{"line":42,"column":3},"end":{"line":42,"column":21}},"26":{"start":{"line":44,"column":3},"end":{"line":44,"column":21}},"27":{"start":{"line":46,"column":16},"end":{"line":46,"column":40}},"28":{"start":{"line":47,"column":3},"end":{"line":47,"column":39}}},"fnMap":{"0":{"name":"parse","decl":{"start":{"line":10,"column":16},"end":{"line":10,"column":21}},"loc":{"start":{"line":10,"column":26},"end":{"line":30,"column":1}},"line":10},"1":{"name":"handleMath","decl":{"start":{"line":32,"column":9},"end":{"line":32,"column":19}},"loc":{"start":{"line":32,"column":55},"end":{"line":49,"column":1}},"line":32}},"branchMap":{"0":{"loc":{"start":{"line":11,"column":1},"end":{"line":13,"column":2}},"type":"if","locations":[{"start":{"line":11,"column":1},"end":{"line":13,"column":2}},{"start":{},"end":{}}],"line":11},"1":{"loc":{"start":{"line":14,"column":1},"end":{"line":29,"column":2}},"type":"if","locations":[{"start":{"line":14,"column":1},"end":{"line":29,"column":2}},{"start":{"line":18,"column":8},"end":{"line":29,"column":2}}],"line":14},"2":{"loc":{"start":{"line":18,"column":8},"end":{"line":29,"column":2}},"type":"if","locations":[{"start":{"line":18,"column":8},"end":{"line":29,"column":2}},{"start":{"line":22,"column":8},"end":{"line":29,"column":2}}],"line":18},"3":{"loc":{"start":{"line":22,"column":8},"end":{"line":29,"column":2}},"type":"if","locations":[{"start":{"line":22,"column":8},"end":{"line":29,"column":2}},{"start":{"line":26,"column":8},"end":{"line":29,"column":2}}],"line":22},"4":{"loc":{"start":{"line":27,"column":2},"end":{"line":27,"column":62}},"type":"if","locations":[{"start":{"line":27,"column":2},"end":{"line":27,"column":62}},{"start":{},"end":{}}],"line":27},"5":{"loc":{"start":{"line":36,"column":1},"end":{"line":48,"column":2}},"type":"switch","locations":[{"start":{"line":37,"column":2},"end":{"line":38,"column":21}},{"start":{"line":39,"column":2},"end":{"line":40,"column":21}},{"start":{"line":41,"column":2},"end":{"line":42,"column":21}},{"start":{"line":43,"column":2},"end":{"line":44,"column":21}},{"start":{"line":45,"column":2},"end":{"line":47,"column":39}}],"line":36},"6":{"loc":{"start":{"line":46,"column":16},"end":{"line":46,"column":40}},"type":"cond-expr","locations":[{"start":{"line":46,"column":33},"end":{"line":46,"column":35}},{"start":{"line":46,"column":38},"end":{"line":46,"column":40}}],"line":46}},"s":{"0":1,"1":1,"2":1,"3":304,"4":4,"5":300,"6":36,"7":36,"8":36,"9":264,"10":76,"11":76,"12":76,"13":188,"14":40,"15":40,"16":40,"17":148,"18":140,"19":8,"20":152,"21":152,"22":152,"23":38,"24":38,"25":38,"26":2,"27":36,"28":36},"f":{"0":304,"1":152},"b":{"0":[4,300],"1":[36,264],"2":[76,188],"3":[40,148],"4":[140,8],"5":[38,38,38,2,36],"6":[19,17]},"_coverageSchema":"1a1c01bbd47fc00a2c39e90264f33305004495a9","hash":"3043a61452ce8dbae6f5dcd9d7211822249d398a"}
}
