TN:
SF:parse.js
FN:10,parse
FN:32,handleMath
FNF:2
FNH:2
FNDA:304,parse
FNDA:152,handleMath
DA:2,1
DA:5,1
DA:8,1
DA:11,304
DA:12,4
DA:14,300
DA:15,36
DA:16,36
DA:17,36
DA:18,264
DA:19,76
DA:20,76
DA:21,76
DA:22,188
DA:23,40
DA:24,40
DA:25,40
DA:27,148
DA:28,8
DA:33,152
DA:34,152
DA:36,152
DA:38,38
DA:40,38
DA:42,38
DA:44,2
DA:46,36
DA:47,36
LF:28
LH:28
BRDA:11,0,0,4
BRDA:11,0,1,300
BRDA:14,1,0,36
BRDA:14,1,1,264
BRDA:18,2,0,76
BRDA:18,2,1,188
BRDA:22,3,0,40
BRDA:22,3,1,148
BRDA:27,4,0,140
BRDA:27,4,1,8
BRDA:36,5,0,38
BRDA:36,5,1,38
BRDA:36,5,2,38
BRDA:36,5,3,2
BRDA:36,5,4,36
BRDA:46,6,0,19
BRDA:46,6,1,17
BRF:17
BRH:17
end_of_record
